07/05/07 01:52:22.508 10.1.3.1.1 Started
07/05/07 01:52:33.478 JavaWebService-GetDates-webapp: 10.1.3.1.1 Started
07/05/07 02:44:02.643 JavaWebService-GetDates-webapp: 10.1.3.1.1 Stopped
07/05/07 02:44:03.677 10.1.3.1.1 Started
07/05/07 02:44:11.830 JavaWebService-GetDates-webapp: 10.1.3.1.1 Started
07/05/07 03:58:46.611 JavaWebService-GetDates-webapp: 10.1.3.1.1 Stopped
07/05/07 03:58:48.246 10.1.3.1.1 Started
07/05/07 03:58:56.347 JavaWebService-GetDates-webapp: 10.1.3.1.1 Started
07/05/09 00:54:08.762 10.1.3.1.1 Started
07/05/09 00:54:19.33 JavaWebService-GetDates-webapp: 10.1.3.1.1 Started
07/05/09 01:04:32.921 JavaWebService-GetDates-webapp: 10.1.3.1.1 Stopped
07/05/09 01:04:33.936 10.1.3.1.1 Started
07/05/09 01:04:41.680 JavaWebService-GetDates-webapp: 10.1.3.1.1 Started
07/05/09 01:05:32.78 JavaWebService-GetDates-webapp: 10.1.3.1.1 Stopped
07/05/09 01:05:33.424 10.1.3.1.1 Started
07/05/09 01:05:40.960 JavaWebService-GetDates-webapp: 10.1.3.1.1 Started
07/05/09 02:51:54.69 10.1.3.1.1 Started
07/05/09 02:52:03.510 JavaWebService-GetDates-webapp: 10.1.3.1.1 Started
07/05/09 02:52:43.635 JavaWebService-GetDates-webapp: Servlet error
java.io.FileNotFoundException: C:\temp\jdeveloper\jdev\system\oracle.j2ee.10.1.3.40.66\embedded-oc4j\application-deployments\current-workspace-app\JavaWebService-GetDates-webapp\server-wsdl\GetDatesWSSoapHttpPortstub.js (The system cannot find the path specified)
	at java.io.FileInputStream.open(Native Method)
	at java.io.FileInputStream.<init>(FileInputStream.java:106)
	at oracle.j2ee.ws.server.JAXRPCServlet.updateEndpointAddresses(JAXRPCServlet.java:695)
	at oracle.j2ee.ws.server.JAXRPCServlet.processGetWsdl(JAXRPCServlet.java:624)
	at oracle.j2ee.ws.server.JAXRPCServlet.doGet(JAXRPCServlet.java:572)
	at javax.servlet.http.HttpServlet.service(HttpServlet.java:743)
	at javax.servlet.http.HttpServlet.service(HttpServlet.java:856)
	at com.evermind[Oracle Containers for J2EE 10g (10.1.3.1.1) ].server.http.ServletRequestDispatcher.invoke(ServletRequestDispatcher.java:712)
	at com.evermind[Oracle Containers for J2EE 10g (10.1.3.1.1) ].server.http.ServletRequestDispatcher.forwardInternal(ServletRequestDispatcher.java:369)
	at com.evermind[Oracle Containers for J2EE 10g (10.1.3.1.1) ].server.http.HttpRequestHandler.doProcessRequest(HttpRequestHandler.java:865)
	at com.evermind[Oracle Containers for J2EE 10g (10.1.3.1.1) ].server.http.HttpRequestHandler.processRequest(HttpRequestHandler.java:447)
	at com.evermind[Oracle Containers for J2EE 10g (10.1.3.1.1) ].server.http.HttpRequestHandler.serveOneRequest(HttpRequestHandler.java:215)
	at com.evermind[Oracle Containers for J2EE 10g (10.1.3.1.1) ].server.http.HttpRequestHandler.run(HttpRequestHandler.java:117)
	at com.evermind[Oracle Containers for J2EE 10g (10.1.3.1.1) ].server.http.HttpRequestHandler.run(HttpRequestHandler.java:110)
	at oracle.oc4j.network.ServerSocketReadHandler$SafeRunnable.run(ServerSocketReadHandler.java:260)
	at com.evermind[Oracle Containers for J2EE 10g (10.1.3.1.1) ].util.ReleasableResourcePooledExecutor$MyWorker.run(ReleasableResourcePooledExecutor.java:303)
	at java.lang.Thread.run(Thread.java:595)
07/05/09 02:52:48.552 JavaWebService-GetDates-webapp: 10.1.3.1.1 Stopped
07/05/09 02:52:49.955 10.1.3.1.1 Started
07/05/09 02:52:56.582 JavaWebService-GetDates-webapp: 10.1.3.1.1 Started
07/05/09 04:36:48.135 JavaWebService-GetDates-webapp: 10.1.3.1.1 Stopped
07/05/09 04:36:49.389 10.1.3.1.1 Started
07/05/09 04:36:56.853 JavaWebService-GetDates-webapp: 10.1.3.1.1 Started
07/05/09 04:41:56.952 JavaWebService-GetDates-webapp: 10.1.3.1.1 Stopped
07/05/09 04:41:58.173 10.1.3.1.1 Started
07/05/09 04:42:04.967 JavaWebService-GetDates-webapp: 10.1.3.1.1 Started
07/05/09 04:43:15.231 JavaWebService-GetDates-webapp: Servlet error
java.io.FileNotFoundException: C:\temp\jdeveloper\jdev\system\oracle.j2ee.10.1.3.40.66\embedded-oc4j\application-deployments\current-workspace-app\JavaWebService-GetDates-webapp\server-wsdl\GetDatesWSSoapHttpPortstub.js (The system cannot find the path specified)
	at java.io.FileInputStream.open(Native Method)
	at java.io.FileInputStream.<init>(FileInputStream.java:106)
	at oracle.j2ee.ws.server.JAXRPCServlet.updateEndpointAddresses(JAXRPCServlet.java:695)
	at oracle.j2ee.ws.server.JAXRPCServlet.processGetWsdl(JAXRPCServlet.java:624)
	at oracle.j2ee.ws.server.JAXRPCServlet.doGet(JAXRPCServlet.java:572)
	at javax.servlet.http.HttpServlet.service(HttpServlet.java:743)
	at javax.servlet.http.HttpServlet.service(HttpServlet.java:856)
	at com.evermind[Oracle Containers for J2EE 10g (10.1.3.1.1) ].server.http.ServletRequestDispatcher.invoke(ServletRequestDispatcher.java:712)
	at com.evermind[Oracle Containers for J2EE 10g (10.1.3.1.1) ].server.http.ServletRequestDispatcher.forwardInternal(ServletRequestDispatcher.java:369)
	at com.evermind[Oracle Containers for J2EE 10g (10.1.3.1.1) ].server.http.HttpRequestHandler.doProcessRequest(HttpRequestHandler.java:865)
	at com.evermind[Oracle Containers for J2EE 10g (10.1.3.1.1) ].server.http.HttpRequestHandler.processRequest(HttpRequestHandler.java:447)
	at com.evermind[Oracle Containers for J2EE 10g (10.1.3.1.1) ].server.http.HttpRequestHandler.serveOneRequest(HttpRequestHandler.java:215)
	at com.evermind[Oracle Containers for J2EE 10g (10.1.3.1.1) ].server.http.HttpRequestHandler.run(HttpRequestHandler.java:117)
	at com.evermind[Oracle Containers for J2EE 10g (10.1.3.1.1) ].server.http.HttpRequestHandler.run(HttpRequestHandler.java:110)
	at oracle.oc4j.network.ServerSocketReadHandler$SafeRunnable.run(ServerSocketReadHandler.java:260)
	at com.evermind[Oracle Containers for J2EE 10g (10.1.3.1.1) ].util.ReleasableResourcePooledExecutor$MyWorker.run(ReleasableResourcePooledExecutor.java:303)
	at java.lang.Thread.run(Thread.java:595)
07/05/09 04:43:15.618 JavaWebService-GetDates-webapp: 10.1.3.1.1 Stopped
07/05/09 04:43:16.978 10.1.3.1.1 Started
07/05/09 04:43:24.328 JavaWebService-GetDates-webapp: 10.1.3.1.1 Started
07/05/09 05:02:53.124 JavaWebService-GetDates-webapp: An established connection was aborted by the software in your host machine
07/05/09 05:03:45.156 JavaWebService-GetDates-webapp: An established connection was aborted by the software in your host machine
07/05/09 05:04:00.172 JavaWebService-GetDates-webapp: 10.1.3.1.1 Stopped
07/05/09 05:04:01.388 10.1.3.1.1 Started
07/05/09 05:04:08.93 JavaWebService-GetDates-webapp: 10.1.3.1.1 Started
07/05/09 05:07:49.329 JavaWebService-GetDates-webapp: 10.1.3.1.1 Stopped
07/05/09 05:07:50.687 10.1.3.1.1 Started
07/05/09 05:07:57.337 JavaWebService-GetDates-webapp: 10.1.3.1.1 Started
07/05/09 05:09:48.286 JavaWebService-GetDates-webapp: 10.1.3.1.1 Stopped
07/05/09 05:09:49.570 10.1.3.1.1 Started
07/05/09 05:09:56.476 JavaWebService-GetDates-webapp: 10.1.3.1.1 Started
07/05/09 05:20:27.554 JavaWebService-GetDates-webapp: 10.1.3.1.1 Stopped
07/05/09 05:20:28.668 10.1.3.1.1 Started
07/05/09 05:20:35.25 JavaWebService-GetDates-webapp: 10.1.3.1.1 Started
07/05/09 05:20:40.712 JavaWebService-GetDates-webapp: An existing connection was forcibly closed by the remote host
07/05/09 05:20:40.713 JavaWebService-GetDates-webapp: An existing connection was forcibly closed by the remote host
07/05/09 05:20:40.713 JavaWebService-GetDates-webapp: An existing connection was forcibly closed by the remote host
07/05/09 05:20:40.713 JavaWebService-GetDates-webapp: An existing connection was forcibly closed by the remote host
07/05/09 05:20:43.636 JavaWebService-GetDates-webapp: An existing connection was forcibly closed by the remote host
07/05/09 05:20:43.636 JavaWebService-GetDates-webapp: An existing connection was forcibly closed by the remote host
07/05/09 05:20:43.636 JavaWebService-GetDates-webapp: An existing connection was forcibly closed by the remote host
07/05/09 05:20:43.637 JavaWebService-GetDates-webapp: An existing connection was forcibly closed by the remote host
07/05/09 16:51:58.897 JavaWebService-GetDates-webapp: 10.1.3.1.1 Stopped
07/05/09 16:52:00.114 10.1.3.1.1 Started
07/05/09 16:52:07.660 JavaWebService-GetDates-webapp: 10.1.3.1.1 Started
07/05/10 02:28:13.432 10.1.3.1.1 Started
07/05/10 02:28:24.495 JavaWebService-GetDates-webapp: 10.1.3.1.1 Started
07/05/10 02:32:32.896 JavaWebService-GetDates-webapp: 10.1.3.1.1 Stopped
07/05/10 02:32:34.61 10.1.3.1.1 Started
07/05/10 02:32:41.332 JavaWebService-GetDates-webapp: 10.1.3.1.1 Started
07/05/10 04:58:32.252 JavaWebService-GetDates-webapp: 10.1.3.1.1 Stopped
07/05/10 04:58:33.658 10.1.3.1.1 Started
07/05/10 04:58:40.878 JavaWebService-GetDates-webapp: 10.1.3.1.1 Started
07/05/20 07:06:56.693 10.1.3.1.1 Started
07/05/20 07:07:08.381 JavaWebService-GetDates-webapp: 10.1.3.1.1 Started
07/05/20 07:07:08.425 JavaWebService-GetDates-webapp: An existing connection was forcibly closed by the remote host
07/05/20 07:07:08.426 JavaWebService-GetDates-webapp: An existing connection was forcibly closed by the remote host
07/05/20 07:07:08.426 JavaWebService-GetDates-webapp: An existing connection was forcibly closed by the remote host
07/05/20 07:07:08.426 JavaWebService-GetDates-webapp: An existing connection was forcibly closed by the remote host
07/05/20 07:07:45.888 JavaWebService-GetDates-webapp: 10.1.3.1.1 Stopped
07/05/20 07:07:47.371 10.1.3.1.1 Started
07/05/20 07:07:55.876 JavaWebService-GetDates-webapp: 10.1.3.1.1 Started
07/05/20 07:09:50.914 JavaWebService-GetDates-webapp: 10.1.3.1.1 Stopped
07/05/20 07:09:52.221 10.1.3.1.1 Started
07/05/20 07:10:00.265 JavaWebService-GetDates-webapp: 10.1.3.1.1 Started
07/05/20 07:10:00.274 JavaWebService-GetDates-webapp: An existing connection was forcibly closed by the remote host
07/05/20 07:14:15.150 JavaWebService-GetDates-webapp: 10.1.3.1.1 Stopped
07/05/20 07:14:16.451 10.1.3.1.1 Started
07/05/20 07:14:24.762 JavaWebService-GetDates-webapp: 10.1.3.1.1 Started
