C:\Users\CriuS\Documents\Visual Studio 2008\Projects\DRAMsimIIhg\\build\Debug\DRAMSimII.exe
C:\Users\CriuS\Documents\Visual Studio 2008\Projects\DRAMsimIIhg\\build\Debug\DRAMSimII.ilk
C:\Users\CriuS\Documents\Visual Studio 2008\Projects\DRAMsimIIhg\\build\Debug\DRAMSimII.pdb
C:\Users\CriuS\Documents\Visual Studio 2008\Projects\DRAMsimIIhg\build\Debug-int\Address.asm
C:\Users\CriuS\Documents\Visual Studio 2008\Projects\DRAMsimIIhg\build\Debug-int\Address.obj
C:\Users\CriuS\Documents\Visual Studio 2008\Projects\DRAMsimIIhg\build\Debug-int\Bank.asm
C:\Users\CriuS\Documents\Visual Studio 2008\Projects\DRAMsimIIhg\build\Debug-int\Bank.obj
C:\Users\CriuS\Documents\Visual Studio 2008\Projects\DRAMsimIIhg\build\Debug-int\Channel.asm
C:\Users\CriuS\Documents\Visual Studio 2008\Projects\DRAMsimIIhg\build\Debug-int\Channel.obj
C:\Users\CriuS\Documents\Visual Studio 2008\Projects\DRAMsimIIhg\build\Debug-int\command.asm
C:\Users\CriuS\Documents\Visual Studio 2008\Projects\DRAMsimIIhg\build\Debug-int\command.obj
C:\Users\CriuS\Documents\Visual Studio 2008\Projects\DRAMsimIIhg\build\Debug-int\event.asm
C:\Users\CriuS\Documents\Visual Studio 2008\Projects\DRAMsimIIhg\build\Debug-int\event.obj
C:\Users\CriuS\Documents\Visual Studio 2008\Projects\DRAMsimIIhg\build\Debug-int\fbdAMB.asm
C:\Users\CriuS\Documents\Visual Studio 2008\Projects\DRAMsimIIhg\build\Debug-int\fbdAMB.obj
C:\Users\CriuS\Documents\Visual Studio 2008\Projects\DRAMsimIIhg\build\Debug-int\fbdChannel.asm
C:\Users\CriuS\Documents\Visual Studio 2008\Projects\DRAMsimIIhg\build\Debug-int\fbdChannel.obj
C:\Users\CriuS\Documents\Visual Studio 2008\Projects\DRAMsimIIhg\build\Debug-int\fbdFrame.asm
C:\Users\CriuS\Documents\Visual Studio 2008\Projects\DRAMsimIIhg\build\Debug-int\fbdFrame1.obj
C:\Users\CriuS\Documents\Visual Studio 2008\Projects\DRAMsimIIhg\build\Debug-int\fbdSystem.asm
C:\Users\CriuS\Documents\Visual Studio 2008\Projects\DRAMsimIIhg\build\Debug-int\fbdSystem1.obj
C:\Users\CriuS\Documents\Visual Studio 2008\Projects\DRAMsimIIhg\build\Debug-int\InputStream.asm
C:\Users\CriuS\Documents\Visual Studio 2008\Projects\DRAMsimIIhg\build\Debug-int\InputStream.obj
C:\Users\CriuS\Documents\Visual Studio 2008\Projects\DRAMsimIIhg\build\Debug-int\main.asm
C:\Users\CriuS\Documents\Visual Studio 2008\Projects\DRAMsimIIhg\build\Debug-int\main.obj
C:\Users\CriuS\Documents\Visual Studio 2008\Projects\DRAMsimIIhg\build\Debug-int\powerConfig.asm
C:\Users\CriuS\Documents\Visual Studio 2008\Projects\DRAMsimIIhg\build\Debug-int\powerConfig.obj
C:\Users\CriuS\Documents\Visual Studio 2008\Projects\DRAMsimIIhg\build\Debug-int\Rank.asm
C:\Users\CriuS\Documents\Visual Studio 2008\Projects\DRAMsimIIhg\build\Debug-int\Rank.obj
C:\Users\CriuS\Documents\Visual Studio 2008\Projects\DRAMsimIIhg\build\Debug-int\Settings.asm
C:\Users\CriuS\Documents\Visual Studio 2008\Projects\DRAMsimIIhg\build\Debug-int\Settings.obj
C:\Users\CriuS\Documents\Visual Studio 2008\Projects\DRAMsimIIhg\build\Debug-int\SettingsXML.asm
C:\Users\CriuS\Documents\Visual Studio 2008\Projects\DRAMsimIIhg\build\Debug-int\SettingsXML.obj
C:\Users\CriuS\Documents\Visual Studio 2008\Projects\DRAMsimIIhg\build\Debug-int\simulationParameters.asm
C:\Users\CriuS\Documents\Visual Studio 2008\Projects\DRAMsimIIhg\build\Debug-int\simulationParameters.obj
C:\Users\CriuS\Documents\Visual Studio 2008\Projects\DRAMsimIIhg\build\Debug-int\soapC.asm
C:\Users\CriuS\Documents\Visual Studio 2008\Projects\DRAMsimIIhg\build\Debug-int\soapC.obj
C:\Users\CriuS\Documents\Visual Studio 2008\Projects\DRAMsimIIhg\build\Debug-int\soapClient.asm
C:\Users\CriuS\Documents\Visual Studio 2008\Projects\DRAMsimIIhg\build\Debug-int\soapClient.obj
C:\Users\CriuS\Documents\Visual Studio 2008\Projects\DRAMsimIIhg\build\Debug-int\Statistics.asm
C:\Users\CriuS\Documents\Visual Studio 2008\Projects\DRAMsimIIhg\build\Debug-int\Statistics.obj
C:\Users\CriuS\Documents\Visual Studio 2008\Projects\DRAMsimIIhg\build\Debug-int\stdsoap2.asm
C:\Users\CriuS\Documents\Visual Studio 2008\Projects\DRAMsimIIhg\build\Debug-int\stdsoap2.obj
C:\Users\CriuS\Documents\Visual Studio 2008\Projects\DRAMsimIIhg\build\Debug-int\System.asm
C:\Users\CriuS\Documents\Visual Studio 2008\Projects\DRAMsimIIhg\build\Debug-int\System.obj
C:\Users\CriuS\Documents\Visual Studio 2008\Projects\DRAMsimIIhg\build\Debug-int\SystemConfiguration.asm
C:\Users\CriuS\Documents\Visual Studio 2008\Projects\DRAMsimIIhg\build\Debug-int\SystemConfiguration.obj
C:\Users\CriuS\Documents\Visual Studio 2008\Projects\DRAMsimIIhg\build\Debug-int\TimingSpecification.asm
C:\Users\CriuS\Documents\Visual Studio 2008\Projects\DRAMsimIIhg\build\Debug-int\TimingSpecification.obj
C:\Users\CriuS\Documents\Visual Studio 2008\Projects\DRAMsimIIhg\build\Debug-int\transaction.asm
C:\Users\CriuS\Documents\Visual Studio 2008\Projects\DRAMsimIIhg\build\Debug-int\transaction.obj
